[1/15] cl /c /Zp8 /GR /W3 /EHs /nologo /MD /D_CRT_SECURE_NO_DEPRECATE /D_SCL_SECURE_NO_DEPRECATE /D_SECURE_SCL=0   /DMATLAB_MEX_FILE  /DMATLAB_MEX_FILE /O2 /Oy- /DNDEBUG /fp:strict /I "." /I "C:\Users\Luke\Documents\Computer Science\Year 4\Group Project\EpilepsyGroupProject\Marcs_code\GA_code" /I ".\interface" /I "C:\Program Files\MATLAB\R2020a\extern\include" /I "." -DMODEL=theta_model_P_mex   theta_model_P_data.c /Fobuild\win64\theta_model_P_data.obj
theta_model_P_data.c
[2/15] cl /c /Zp8 /GR /W3 /EHs /nologo /MD /D_CRT_SECURE_NO_DEPRECATE /D_SCL_SECURE_NO_DEPRECATE /D_SECURE_SCL=0   /DMATLAB_MEX_FILE  /DMATLAB_MEX_FILE /O2 /Oy- /DNDEBUG /fp:strict /I "." /I "C:\Users\Luke\Documents\Computer Science\Year 4\Group Project\EpilepsyGroupProject\Marcs_code\GA_code" /I ".\interface" /I "C:\Program Files\MATLAB\R2020a\extern\include" /I "." -DMODEL=theta_model_P_mex   rt_nonfinite.c /Fobuild\win64\rt_nonfinite.obj
rt_nonfinite.c
[3/15] cl /c /Zp8 /GR /W3 /EHs /nologo /MD /D_CRT_SECURE_NO_DEPRECATE /D_SCL_SECURE_NO_DEPRECATE /D_SECURE_SCL=0   /DMATLAB_MEX_FILE  /DMATLAB_MEX_FILE /O2 /Oy- /DNDEBUG /fp:strict /I "." /I "C:\Users\Luke\Documents\Computer Science\Year 4\Group Project\EpilepsyGroupProject\Marcs_code\GA_code" /I ".\interface" /I "C:\Program Files\MATLAB\R2020a\extern\include" /I "." -DMODEL=theta_model_P_mex   randn.c /Fobuild\win64\randn.obj
randn.c
[4/15] cl /c /Zp8 /GR /W3 /EHs /nologo /MD /D_CRT_SECURE_NO_DEPRECATE /D_SCL_SECURE_NO_DEPRECATE /D_SECURE_SCL=0   /DMATLAB_MEX_FILE  /DMATLAB_MEX_FILE /O2 /Oy- /DNDEBUG /fp:strict /I "." /I "C:\Users\Luke\Documents\Computer Science\Year 4\Group Project\EpilepsyGroupProject\Marcs_code\GA_code" /I ".\interface" /I "C:\Program Files\MATLAB\R2020a\extern\include" /I "." -DMODEL=theta_model_P_mex   interface\_coder_theta_model_P_mex.c /Fobuild\win64\_coder_theta_model_P_mex.obj
_coder_theta_model_P_mex.c
[5/15] cl /c /Zp8 /GR /W3 /EHs /nologo /MD /D_CRT_SECURE_NO_DEPRECATE /D_SCL_SECURE_NO_DEPRECATE /D_SECURE_SCL=0   /DMATLAB_MEX_FILE  /DMATLAB_MEX_FILE /O2 /Oy- /DNDEBUG /fp:strict /I "." /I "C:\Users\Luke\Documents\Computer Science\Year 4\Group Project\EpilepsyGroupProject\Marcs_code\GA_code" /I ".\interface" /I "C:\Program Files\MATLAB\R2020a\extern\include" /I "." -DMODEL=theta_model_P_mex   theta_model_P_terminate.c /Fobuild\win64\theta_model_P_terminate.obj
theta_model_P_terminate.c
[6/15] cl /c /Zp8 /GR /W3 /EHs /nologo /MD /D_CRT_SECURE_NO_DEPRECATE /D_SCL_SECURE_NO_DEPRECATE /D_SECURE_SCL=0   /DMATLAB_MEX_FILE  /DMATLAB_MEX_FILE /O2 /Oy- /DNDEBUG /fp:strict /I "." /I "C:\Users\Luke\Documents\Computer Science\Year 4\Group Project\EpilepsyGroupProject\Marcs_code\GA_code" /I ".\interface" /I "C:\Program Files\MATLAB\R2020a\extern\include" /I "." -DMODEL=theta_model_P_mex   indexShapeCheck.c /Fobuild\win64\indexShapeCheck.obj
indexShapeCheck.c
[7/15] cl /c /Zp8 /GR /W3 /EHs /nologo /MD /D_CRT_SECURE_NO_DEPRECATE /D_SCL_SECURE_NO_DEPRECATE /D_SECURE_SCL=0   /DMATLAB_MEX_FILE  /DMATLAB_MEX_FILE /O2 /Oy- /DNDEBUG /fp:strict /I "." /I "C:\Users\Luke\Documents\Computer Science\Year 4\Group Project\EpilepsyGroupProject\Marcs_code\GA_code" /I ".\interface" /I "C:\Program Files\MATLAB\R2020a\extern\include" /I "." -DMODEL=theta_model_P_mex   theta_model_P_initialize.c /Fobuild\win64\theta_model_P_initialize.obj
theta_model_P_initialize.c
[8/15] cl /c /Zp8 /GR /W3 /EHs /nologo /MD /D_CRT_SECURE_NO_DEPRECATE /D_SCL_SECURE_NO_DEPRECATE /D_SECURE_SCL=0   /DMATLAB_MEX_FILE  /DMATLAB_MEX_FILE /O2 /Oy- /DNDEBUG /fp:strict /I "." /I "C:\Users\Luke\Documents\Computer Science\Year 4\Group Project\EpilepsyGroupProject\Marcs_code\GA_code" /I ".\interface" /I "C:\Program Files\MATLAB\R2020a\extern\include" /I "." -DMODEL=theta_model_P_mex   mtimes.c /Fobuild\win64\mtimes.obj
mtimes.c
[9/15] cl /c /Zp8 /GR /W3 /EHs /nologo /MD /D_CRT_SECURE_NO_DEPRECATE /D_SCL_SECURE_NO_DEPRECATE /D_SECURE_SCL=0   /DMATLAB_MEX_FILE  /DMATLAB_MEX_FILE /O2 /Oy- /DNDEBUG /fp:strict /I "." /I "C:\Users\Luke\Documents\Computer Science\Year 4\Group Project\EpilepsyGroupProject\Marcs_code\GA_code" /I ".\interface" /I "C:\Program Files\MATLAB\R2020a\extern\include" /I "." -DMODEL=theta_model_P_mex   nullAssignment.c /Fobuild\win64\nullAssignment.obj
nullAssignment.c
[10/15] cl /c /Zp8 /GR /W3 /EHs /nologo /MD /D_CRT_SECURE_NO_DEPRECATE /D_SCL_SECURE_NO_DEPRECATE /D_SECURE_SCL=0   /DMATLAB_MEX_FILE  /DMATLAB_MEX_FILE /O2 /Oy- /DNDEBUG /fp:strict /I "." /I "C:\Users\Luke\Documents\Computer Science\Year 4\Group Project\EpilepsyGroupProject\Marcs_code\GA_code" /I ".\interface" /I "C:\Program Files\MATLAB\R2020a\extern\include" /I "." -DMODEL=theta_model_P_mex   "C:\Program Files\MATLAB\R2020a\extern\version\c_mexapi_version.c" /Fobuild\win64\c_mexapi_version.obj
c_mexapi_version.c
[11/15] cl /c /Zp8 /GR /W3 /EHs /nologo /MD /D_CRT_SECURE_NO_DEPRECATE /D_SCL_SECURE_NO_DEPRECATE /D_SECURE_SCL=0   /DMATLAB_MEX_FILE  /DMATLAB_MEX_FILE /O2 /Oy- /DNDEBUG /fp:strict /I "." /I "C:\Users\Luke\Documents\Computer Science\Year 4\Group Project\EpilepsyGroupProject\Marcs_code\GA_code" /I ".\interface" /I "C:\Program Files\MATLAB\R2020a\extern\include" /I "." -DMODEL=theta_model_P_mex   theta_model_P_emxutil.c /Fobuild\win64\theta_model_P_emxutil.obj
theta_model_P_emxutil.c
[12/15] cl /c /Zp8 /GR /W3 /EHs /nologo /MD /D_CRT_SECURE_NO_DEPRECATE /D_SCL_SECURE_NO_DEPRECATE /D_SECURE_SCL=0   /DMATLAB_MEX_FILE  /DMATLAB_MEX_FILE /O2 /Oy- /DNDEBUG /fp:strict /I "." /I "C:\Users\Luke\Documents\Computer Science\Year 4\Group Project\EpilepsyGroupProject\Marcs_code\GA_code" /I ".\interface" /I "C:\Program Files\MATLAB\R2020a\extern\include" /I "." -DMODEL=theta_model_P_mex   interface\_coder_theta_model_P_info.c /Fobuild\win64\_coder_theta_model_P_info.obj
_coder_theta_model_P_info.c
[13/15] cl /c /Zp8 /GR /W3 /EHs /nologo /MD /D_CRT_SECURE_NO_DEPRECATE /D_SCL_SECURE_NO_DEPRECATE /D_SECURE_SCL=0   /DMATLAB_MEX_FILE  /DMATLAB_MEX_FILE /O2 /Oy- /DNDEBUG /fp:strict /I "." /I "C:\Users\Luke\Documents\Computer Science\Year 4\Group Project\EpilepsyGroupProject\Marcs_code\GA_code" /I ".\interface" /I "C:\Program Files\MATLAB\R2020a\extern\include" /I "." -DMODEL=theta_model_P_mex   interface\_coder_theta_model_P_api.c /Fobuild\win64\_coder_theta_model_P_api.obj
_coder_theta_model_P_api.c
[14/15] cl /c /Zp8 /GR /W3 /EHs /nologo /MD /D_CRT_SECURE_NO_DEPRECATE /D_SCL_SECURE_NO_DEPRECATE /D_SECURE_SCL=0   /DMATLAB_MEX_FILE  /DMATLAB_MEX_FILE /O2 /Oy- /DNDEBUG /fp:strict /I "." /I "C:\Users\Luke\Documents\Computer Science\Year 4\Group Project\EpilepsyGroupProject\Marcs_code\GA_code" /I ".\interface" /I "C:\Program Files\MATLAB\R2020a\extern\include" /I "." -DMODEL=theta_model_P_mex   theta_model_P.c /Fobuild\win64\theta_model_P.obj
theta_model_P.c
[15/15] link @theta_model_P_mex.mexw64.rsp /nologo /manifest   /DLL /LIBPATH:"C:\Program Files\MATLAB\R2020a\extern\lib\win64\microsoft" libmx.lib libmex.lib libmat.lib kernel32.lib user32.lib gdi32.lib winspool.lib comdlg32.lib advapi32.lib shell32.lib ole32.lib oleaut32.lib uuid.lib odbc32.lib odbccp32.lib  /out:"theta_model_P_mex.mexw64" /LIBPATH:"C:\Program Files\MATLAB\R2020a\extern\lib\win64\microsoft" libmwblas.lib libemlrt.lib libcovrt.lib libut.lib libmwmathutil.lib  /export:mexFunction /export:mexfilerequiredapiversion /export:emlrtMexFcnProperties /export:theta_model_P_initialize /export:theta_model_P_terminate /export:theta_model_P_atexit /export:theta_model_P /export:emxEnsureCapacity_real_T /export:emxEnsureCapacity_boolean_T /export:emxEnsureCapacity_int32_T /export:emxInit_real_T /export:emxFree_real_T /export:emxInit_boolean_T /export:emxFree_boolean_T /export:emxInit_int32_T /export:emxFree_int32_T
   Creating library theta_model_P_mex.lib and object theta_model_P_mex.exp
